<?xml version="1.0" encoding="UTF-8"?>
<robot generator="Robot 3.2.2 (Python 3.9.0 on win32)" generated="20201107 07:10:40.988" rpa="false">
<suite id="s1" name="CP014" source="C:\Users\cesar\PycharmProjects\prueba2\TestCases\casos-prueba-hipertic\Funciones Admin\CP-014\CP014.robot">
<test id="s1-t1" name="CP 014 El administrador elimina un usuario (paciente) desde su perfil de administrador">
<kw name="Open Browser" library="Selenium2Library">
<doc>Opens a new browser instance to the optional ``url``.</doc>
<arguments>
<arg>http://localhost:8080/Crud-java-web-oracle-Cesar/</arg>
<arg>chrome</arg>
</arguments>
<msg timestamp="20201107 07:10:41.429" level="INFO">Opening browser 'chrome' to base url 'http://localhost:8080/Crud-java-web-oracle-Cesar/'.</msg>
<status status="PASS" starttime="20201107 07:10:41.425" endtime="20201107 07:10:47.687"></status>
</kw>
<kw name="Wait Until Element Is Visible" library="Selenium2Library">
<doc>Waits until the element ``locator`` is visible.</doc>
<arguments>
<arg>xpath=/html/body/div/div/div/div/form/div[4]/input</arg>
</arguments>
<status status="PASS" starttime="20201107 07:10:47.687" endtime="20201107 07:10:47.762"></status>
</kw>
<kw name="Set Screenshot Directory" library="Selenium2Library">
<doc>Sets the directory for captured screenshots.</doc>
<arguments>
<arg>Pruebas</arg>
</arguments>
<status status="PASS" starttime="20201107 07:10:47.762" endtime="20201107 07:10:47.762"></status>
</kw>
<kw name="Capture Page Screenshot" library="Selenium2Library">
<doc>Takes a screenshot of the current page and embeds it into a log file.</doc>
<arguments>
<arg>Paso1y2.png</arg>
</arguments>
<msg timestamp="20201107 07:10:48.332" level="INFO" html="yes">&lt;/td&gt;&lt;/tr&gt;&lt;tr&gt;&lt;td colspan="3"&gt;&lt;a href="Pruebas/Paso1y2.png"&gt;&lt;img src="Pruebas/Paso1y2.png" width="800px"&gt;&lt;/a&gt;</msg>
<status status="PASS" starttime="20201107 07:10:47.762" endtime="20201107 07:10:48.332"></status>
</kw>
<kw name="Input Text" library="Selenium2Library">
<doc>Types the given ``text`` into the text field identified by ``locator``.</doc>
<arguments>
<arg>xpath=/html/body/div/div/div/div/form/div[2]/input</arg>
<arg>Admin</arg>
</arguments>
<msg timestamp="20201107 07:10:48.332" level="INFO">Typing text 'Admin' into text field 'xpath=/html/body/div/div/div/div/form/div[2]/input'.</msg>
<status status="PASS" starttime="20201107 07:10:48.332" endtime="20201107 07:10:48.492"></status>
</kw>
<kw name="Input Text" library="Selenium2Library">
<doc>Types the given ``text`` into the text field identified by ``locator``.</doc>
<arguments>
<arg>xpath=/html/body/div/div/div/div/form/div[3]/input</arg>
<arg>123</arg>
</arguments>
<msg timestamp="20201107 07:10:48.492" level="INFO">Typing text '123' into text field 'xpath=/html/body/div/div/div/div/form/div[3]/input'.</msg>
<status status="PASS" starttime="20201107 07:10:48.492" endtime="20201107 07:10:48.647"></status>
</kw>
<kw name="Sleep" library="BuiltIn">
<doc>Pauses the test executed for the given time.</doc>
<arguments>
<arg>2s</arg>
</arguments>
<msg timestamp="20201107 07:10:50.652" level="INFO">Slept 2 seconds</msg>
<status status="PASS" starttime="20201107 07:10:48.647" endtime="20201107 07:10:50.652"></status>
</kw>
<kw name="Capture Page Screenshot" library="Selenium2Library">
<doc>Takes a screenshot of the current page and embeds it into a log file.</doc>
<arguments>
<arg>Paso3.png</arg>
</arguments>
<kw name="Capture Page Screenshot" library="Selenium2Library">
<doc>Takes a screenshot of the current page and embeds it into a log file.</doc>
<msg timestamp="20201107 07:11:15.002" level="FAIL">WebDriverException: Message: chrome not reachable
  (Session info: chrome=86.0.4240.183)
</msg>
<status status="FAIL" starttime="20201107 07:11:02.832" endtime="20201107 07:11:15.002"></status>
</kw>
<msg timestamp="20201107 07:11:15.002" level="WARN">Keyword 'Capture Page Screenshot' could not be run on failure: WebDriverException: Message: chrome not reachable
  (Session info: chrome=86.0.4240.183)
</msg>
<msg timestamp="20201107 07:11:15.012" level="FAIL">WebDriverException: Message: chrome not reachable
  (Session info: chrome=86.0.4240.183)
</msg>
<status status="FAIL" starttime="20201107 07:10:50.652" endtime="20201107 07:11:15.017"></status>
</kw>
<status status="FAIL" starttime="20201107 07:10:41.425" endtime="20201107 07:11:15.017" critical="yes">WebDriverException: Message: chrome not reachable
  (Session info: chrome=86.0.4240.183)
</status>
</test>
<doc>El administrador elimina un usuario (paciente) desde su perfil de administrador</doc>
<status status="FAIL" starttime="20201107 07:10:40.992" endtime="20201107 07:11:15.022"></status>
</suite>
<statistics>
<total>
<stat pass="0" fail="1">Critical Tests</stat>
<stat pass="0" fail="1">All Tests</stat>
</total>
<tag>
</tag>
<suite>
<stat pass="0" fail="1" id="s1" name="CP014">CP014</stat>
</suite>
</statistics>
<errors>
<msg timestamp="20201107 07:11:15.002" level="WARN">Keyword 'Capture Page Screenshot' could not be run on failure: WebDriverException: Message: chrome not reachable
  (Session info: chrome=86.0.4240.183)
</msg>
</errors>
</robot>
